request received
Sent: index.html
new connection established:PYQAVGK3IJxJ_tEcAAAX
request received
Sent: index.html
new connection established:p-SC5fFX3nEGLnifAAAZ
request received
Sent: index.html
new connection established:mD-v9FRS4TyoMazrAAAb
request received
Sent: index.html
new connection established:gKlYbctfzMtOwm5FAAAd
request received
Sent: index.html
new connection established:mdJLgSbuzJApJrTXAAAl
request received
Sent: index.html
new connection established:to4ruzkARPdtE7dWAAAn
request received
Sent: index.html
new connection established:d5AXZIXkB72IIz2nAAAp
request received
Sent: index.html
new connection established:yiS9lpohq086-vxLAAAr